This file contains any messages produced by compilers while
running configure, to aid debugging if configure makes a mistake.

It was created by Samtools configure 1.11, which was
generated by GNU Autoconf 2.69.  Invocation command line was

  $ ./configure --prefix=/Users/ylf9811/Samtools

## --------- ##
## Platform. ##
## --------- ##

hostname = ylf9811deMacBook-Pro.local
uname -m = x86_64
uname -r = 20.2.0
uname -s = Darwin
uname -v = Darwin Kernel Version 20.2.0: Wed Dec  2 20:39:59 PST 2020; root:xnu-7195.60.75~1/RELEASE_X86_64

/usr/bin/uname -p = i386
/bin/uname -X     = unknown

/bin/arch              = unknown
/usr/bin/arch -k       = unknown
/usr/convex/getsysinfo = unknown
/usr/bin/hostinfo      = Mach kernel version:
	 Darwin Kernel Version 20.2.0: Wed Dec  2 20:39:59 PST 2020; root:xnu-7195.60.75~1/RELEASE_X86_64
Kernel configured for up to 8 processors.
4 processors are physically available.
8 processors are logically available.
Processor type: x86_64h (Intel x86-64h Haswell)
Processors active: 0 1 2 3 4 5 6 7
Primary memory available: 16.00 gigabytes
Default processor set: 538 tasks, 1927 threads, 8 processors
Load average: 2.47, Mach factor: 5.52
/bin/machine           = unknown
/usr/bin/oslevel       = unknown
/bin/universe          = unknown

PATH: /usr/local/opt/llvm/bin
PATH: /usr/local/sbin
PATH: /usr/local/bin
PATH: /usr/local/bin
PATH: /usr/bin
PATH: /bin
PATH: /usr/sbin
PATH: /sbin
PATH: /Applications/VMware Fusion.app/Contents/Public
PATH: /Library/Apple/usr/bin


## ----------- ##
## Core tests. ##
## ----------- ##

configure:2164: checking for gawk
configure:2180: found /usr/local/bin/gawk
configure:2191: result: gawk
configure:2250: checking for gcc
configure:2266: found /usr/bin/gcc
configure:2277: result: gcc
configure:2506: checking for C compiler version
configure:2515: gcc --version >&5
Apple clang version 12.0.0 (clang-1200.0.32.21)
Target: x86_64-apple-darwin20.2.0
Thread model: posix
InstalledDir: /Applications/Xcode.app/Contents/Developer/Toolchains/XcodeDefault.xctoolchain/usr/bin
Configured with: --prefix=/Applications/Xcode.app/Contents/Developer/usr --with-gxx-include-dir=/Applications/Xcode.app/Contents/Developer/Platforms/MacOSX.platform/Developer/SDKs/MacOSX.sdk/usr/include/c++/4.2.1
configure:2526: $? = 0
configure:2515: gcc -v >&5
Configured with: --prefix=/Applications/Xcode.app/Contents/Developer/usr --with-gxx-include-dir=/Applications/Xcode.app/Contents/Developer/Platforms/MacOSX.platform/Developer/SDKs/MacOSX.sdk/usr/include/c++/4.2.1
Apple clang version 12.0.0 (clang-1200.0.32.21)
Target: x86_64-apple-darwin20.2.0
Thread model: posix
InstalledDir: /Applications/Xcode.app/Contents/Developer/Toolchains/XcodeDefault.xctoolchain/usr/bin
configure:2526: $? = 0
configure:2515: gcc -V >&5
clang: error: argument to '-V' is missing (expected 1 value)
clang: error: no input files
configure:2526: $? = 1
configure:2515: gcc -qversion >&5
clang: error: unknown argument '-qversion'; did you mean '--version'?
clang: error: no input files
configure:2526: $? = 1
configure:2546: checking whether the C compiler works
configure:2568: gcc    conftest.c  >&5
configure:2572: $? = 0
configure:2620: result: yes
configure:2623: checking for C compiler default output file name
configure:2625: result: a.out
configure:2631: checking for suffix of executables
configure:2638: gcc -o conftest    conftest.c  >&5
configure:2642: $? = 0
configure:2664: result: 
configure:2686: checking whether we are cross compiling
configure:2694: gcc -o conftest    conftest.c  >&5
configure:2698: $? = 0
configure:2705: ./conftest
configure:2709: $? = 0
configure:2724: result: no
configure:2729: checking for suffix of object files
configure:2751: gcc -c   conftest.c >&5
configure:2755: $? = 0
configure:2776: result: o
configure:2780: checking whether we are using the GNU C compiler
configure:2799: gcc -c   conftest.c >&5
configure:2799: $? = 0
configure:2808: result: yes
configure:2817: checking whether gcc accepts -g
configure:2837: gcc -c -g  conftest.c >&5
configure:2837: $? = 0
configure:2878: result: yes
configure:2895: checking for gcc option to accept ISO C89
configure:2958: gcc  -c -g -O2  conftest.c >&5
configure:2958: $? = 0
configure:2971: result: none needed
configure:2992: checking for grep that handles long lines and -e
configure:3050: result: /usr/bin/grep
configure:3075: checking for C compiler warning flags
configure:3187: result: -Wall
configure:3281: checking for special C compiler options needed for large files
configure:3326: result: no
configure:3332: checking for _FILE_OFFSET_BITS value needed for large files
configure:3357: gcc -c  -Wall -g -O2  conftest.c >&5
configure:3357: $? = 0
configure:3389: result: no
configure:3524: checking location of HTSlib source tree
configure:3545: result: htslib-1.11
configure:3771: checking for NcursesW wide-character library
configure:3795: gcc -o conftest  -Wall -g -O2   conftest.c  -lncursesw >&5
ld: library not found for -lncursesw
clang: error: linker command failed with exit code 1 (use -v to see invocation)
configure:3795: $? = 1
configure: failed program was:
| /* confdefs.h */
| #define PACKAGE_NAME "Samtools"
| #define PACKAGE_TARNAME "samtools"
| #define PACKAGE_VERSION "1.11"
| #define PACKAGE_STRING "Samtools 1.11"
| #define PACKAGE_BUGREPORT "samtools-help@lists.sourceforge.net"
| #define PACKAGE_URL "http://www.htslib.org/"
| /* end confdefs.h.  */
| 
| /* Override any GCC internal prototype to avoid an error.
|    Use char because int might match the return type of a GCC
|    builtin and then its argument prototype would still apply.  */
| #ifdef __cplusplus
| extern "C"
| #endif
| char initscr ();
| int
| main ()
| {
| return initscr ();
|   ;
|   return 0;
| }
configure:3804: result: no
configure:4094: checking for Ncurses library
configure:4118: gcc -o conftest  -Wall -g -O2   conftest.c  -lncurses >&5
configure:4118: $? = 0
configure:4127: result: yes
configure:4140: checking for working ncurses/curses.h
configure:4167: gcc -o conftest  -Wall -g -O2   conftest.c  -lncurses >&5
conftest.c:10:26: fatal error: 'ncurses/curses.h' file not found
                #include <ncurses/curses.h>
                         ^~~~~~~~~~~~~~~~~~
1 error generated.
configure:4167: $? = 1
configure: failed program was:
| /* confdefs.h */
| #define PACKAGE_NAME "Samtools"
| #define PACKAGE_TARNAME "samtools"
| #define PACKAGE_VERSION "1.11"
| #define PACKAGE_STRING "Samtools 1.11"
| #define PACKAGE_BUGREPORT "samtools-help@lists.sourceforge.net"
| #define PACKAGE_URL "http://www.htslib.org/"
| /* end confdefs.h.  */
| 
|                 #include <ncurses/curses.h>
| 
| int
| main ()
| {
| 
|                 chtype a = A_BOLD;
|                 int b = KEY_LEFT;
|                 chtype c = COLOR_PAIR(1) & A_COLOR;
|                 int g = getattrs(stdscr);
|                 int h = getcurx(stdscr) + getmaxx(stdscr);
|                 initscr();
|                 init_pair(1, COLOR_WHITE, COLOR_RED);
| 
|   ;
|   return 0;
| }
configure:4176: result: no
configure:4193: checking for working ncurses.h
configure:4220: gcc -o conftest  -Wall -g -O2   conftest.c  -lncurses >&5
conftest.c:16:24: warning: unused variable 'a' [-Wunused-variable]
                chtype a = A_BOLD;
                       ^
conftest.c:17:21: warning: unused variable 'b' [-Wunused-variable]
                int b = KEY_LEFT;
                    ^
conftest.c:18:24: warning: unused variable 'c' [-Wunused-variable]
                chtype c = COLOR_PAIR(1) & A_COLOR;
                       ^
conftest.c:19:21: warning: unused variable 'g' [-Wunused-variable]
                int g = getattrs(stdscr);
                    ^
conftest.c:20:21: warning: unused variable 'h' [-Wunused-variable]
                int h = getcurx(stdscr) + getmaxx(stdscr);
                    ^
5 warnings generated.
configure:4220: $? = 0
configure:4229: result: yes
configure:4559: checking for library containing cbreak
configure:4590: gcc -o conftest  -Wall -g -O2   conftest.c  -lncurses >&5
configure:4590: $? = 0
configure:4607: result: none required
configure:4659: checking for zlib.h
configure:4659: gcc -c  -Wall -g -O2  conftest.c >&5
configure:4659: $? = 0
configure:4659: result: yes
configure:4668: checking for inflate in -lz
configure:4693: gcc -o conftest  -Wall -g -O2   conftest.c -lz   >&5
configure:4693: $? = 0
configure:4702: result: yes
configure:4728: checking for library containing regcomp
configure:4759: gcc -o conftest  -Wall -g -O2   conftest.c  >&5
configure:4759: $? = 0
configure:4776: result: none required
configure:4918: creating ./config.status

## ---------------------- ##
## Running config.status. ##
## ---------------------- ##

This file was extended by Samtools config.status 1.11, which was
generated by GNU Autoconf 2.69.  Invocation command line was

  CONFIG_FILES    = 
  CONFIG_HEADERS  = 
  CONFIG_LINKS    = 
  CONFIG_COMMANDS = 
  $ ./config.status 

on ylf9811deMacBook-Pro.local

config.status:802: creating config.mk
config.status:802: creating config.h
configure:6144: === configuring in htslib-1.11 (/Users/ylf9811/Downloads/samtools-1.11/htslib-1.11)
configure:6207: running /bin/sh ./configure --disable-option-checking '--prefix=/Users/ylf9811/Samtools'  --cache-file=/dev/null --srcdir=.

## ---------------- ##
## Cache variables. ##
## ---------------- ##

ac_cv_c_compiler_gnu=yes
ac_cv_env_CC_set=
ac_cv_env_CC_value=
ac_cv_env_CFLAGS_set=
ac_cv_env_CFLAGS_value=
ac_cv_env_CPPFLAGS_set=
ac_cv_env_CPPFLAGS_value=
ac_cv_env_CURSES_LIB_set=
ac_cv_env_CURSES_LIB_value=
ac_cv_env_LDFLAGS_set=
ac_cv_env_LDFLAGS_value=
ac_cv_env_LIBS_set=
ac_cv_env_LIBS_value=
ac_cv_env_build_alias_set=
ac_cv_env_build_alias_value=
ac_cv_env_host_alias_set=
ac_cv_env_host_alias_value=
ac_cv_env_target_alias_set=
ac_cv_env_target_alias_value=
ac_cv_header_zlib_h=yes
ac_cv_lib_z_inflate=yes
ac_cv_objext=o
ac_cv_path_GREP=/usr/bin/grep
ac_cv_prog_AWK=gawk
ac_cv_prog_ac_ct_CC=gcc
ac_cv_prog_cc_c89=
ac_cv_prog_cc_g=yes
ac_cv_search_cbreak='none required'
ac_cv_search_regcomp='none required'
ac_cv_sys_file_offset_bits=no
ac_cv_sys_largefile_CC=no
ax_cv_curses=yes
ax_cv_curses_color=yes
ax_cv_curses_enhanced=no
ax_cv_curses_obsolete=yes
ax_cv_curses_which=ncurses
ax_cv_header_ncurses_curses_h=no
ax_cv_header_ncurses_h=yes
ax_cv_htslib=yes
ax_cv_htslib_which=source
ax_cv_ncurses=yes
ax_cv_ncursesw=no
hts_cv_prog_cc_warnings=-Wall

## ----------------- ##
## Output variables. ##
## ----------------- ##

AWK='gawk'
CC='gcc'
CFLAGS=' -Wall -g -O2'
CPPFLAGS=''
CURSES_LIB='-lncurses'
DEFS='-DHAVE_CONFIG_H'
ECHO_C='\c'
ECHO_N=''
ECHO_T=''
EXEEXT=''
GREP='/usr/bin/grep'
HTSDIR='htslib-1.11'
HTSLIB_CPPFLAGS='-Ihtslib-1.11'
HTSLIB_LDFLAGS='-Lhtslib-1.11'
Hinstall='#'
Hsource=''
LDFLAGS=''
LIBOBJS=''
LIBS=''
LTLIBOBJS=''
OBJEXT='o'
PACKAGE_BUGREPORT='samtools-help@lists.sourceforge.net'
PACKAGE_NAME='Samtools'
PACKAGE_STRING='Samtools 1.11'
PACKAGE_TARNAME='samtools'
PACKAGE_URL='http://www.htslib.org/'
PACKAGE_VERSION='1.11'
PATH_SEPARATOR=':'
SHELL='/bin/sh'
ac_ct_CC='gcc'
bindir='${exec_prefix}/bin'
build_alias=''
datadir='${datarootdir}'
datarootdir='${prefix}/share'
docdir='${datarootdir}/doc/${PACKAGE_TARNAME}'
dvidir='${docdir}'
exec_prefix='${prefix}'
host_alias='unknown-Darwin'
htmldir='${docdir}'
includedir='${prefix}/include'
infodir='${datarootdir}/info'
libdir='${exec_prefix}/lib'
libexecdir='${exec_prefix}/libexec'
localedir='${datarootdir}/locale'
localstatedir='${prefix}/var'
mandir='${datarootdir}/man'
oldincludedir='/usr/include'
pdfdir='${docdir}'
prefix='/Users/ylf9811/Samtools'
program_transform_name='s,x,x,'
psdir='${docdir}'
runstatedir='${localstatedir}/run'
sbindir='${exec_prefix}/sbin'
sharedstatedir='${prefix}/com'
subdirs=' htslib-1.11'
sysconfdir='${prefix}/etc'
target_alias=''

## ----------- ##
## confdefs.h. ##
## ----------- ##

/* confdefs.h */
#define PACKAGE_NAME "Samtools"
#define PACKAGE_TARNAME "samtools"
#define PACKAGE_VERSION "1.11"
#define PACKAGE_STRING "Samtools 1.11"
#define PACKAGE_BUGREPORT "samtools-help@lists.sourceforge.net"
#define PACKAGE_URL "http://www.htslib.org/"
#define HAVE_NCURSES_H 1
#define HAVE_NCURSES 1
#define HAVE_CURSES 1
#define HAVE_CURSES_COLOR 1
#define HAVE_CURSES_OBSOLETE 1
#define HAVE_LIBZ 1

configure: exit 0
